{"logTime": "0409/011129", "correlationVector":"DADoPu6APQaxV86/8755ej.1","action":"SyncServerConnectionManagerRequest", "result":"SYNC_SERVER_OK", "context":{"environment":"Prod_brazilsouth_prod-s01-034-sam-brazilsouth", "migrationStage":"NotStarted", "server":"akswtt02200002w"}}
{"logTime": "0409/011129", "correlationVector":"DADoPu6APQaxV86/8755ej.2","action":"ProcessGetUpdates", "result":"Done", "context":{"dataType":"Encryption Keys", "deleted":"0", "process_failed_to_decrypt":"0", "process_pending_decryption":"0", "process_success":"1", "total":"1"}}
{"logTime": "0409/011130", "correlationVector":"aw04WHMaanjGT7EjsV9UfU","action":"SyncServerConnectionManagerRequest", "result":"SYNC_SERVER_OK", "context":{"environment":"", "migrationStage":"", "server":""}}
{"logTime": "0409/011130", "correlationVector":"aw04WHMaanjGT7EjsV9UfU.0","action":"EncryptionKeysFetcher.DownloadKeys:", "result":"Success", "context":Key count: 10, Last key timestamp: 2025-10-14T22:17:34Z}
{"logTime": "0409/011130", "correlationVector":"aw04WHMaanjGT7EjsV9UfU.1","action":"EncryptionKeysManager::SetEncryptionKeys:", "result":"Success", "context":Key names[10]:[3Ab+n2+ckClk7n8eJ9QGztq7M/Hs63HR3IQGU8tjoZdVhxVWJmuduxaJirdNINZJ8snrjw6KyLSZWGqVRpYbEg==][qh6FfnRwJ8OydViUcMzz0vguqI5Q2m+F8Sour/e+eIW8SrkNpwsiXxShj91rIIn+yiSTqLrsUsye8ouYl6ImnA==][j3lv+thRhNEBBQ4fU2utPO/GGX0QKQ1WYm2VWzfGfGlGt/ADVhbW0b/b22tbVNyHd/8HjCgyOcdsjzsllLxfOg==][DmcMIzoujXefDdwhZKosieyhzZZYppf0JhDVm6i1n4XDER9bHxfR8JNd7GUgutcyep1OfA7jBHrBvGKtceLSfQ==][MlpnaFuDTDk9sEJySlvqHpDR+xE8/xaX73xhd1Wb11jHqmIg58DI6swr1I96miQ8eyLVgHmIrN0UfgZ25CBsiQ==][dTOXa9m9wuZR/qlIGyJ0Z6oD15HGGKiagEYSwX/5HiZdT0mgwlbUZmIvTP3H/GL+Iav0BpxGkmHDv+a6vMguvA==][kZhlpwNse4FM1d/y86rXqfE7H7EOUOqGTSF+akFsgdl2DAtrJgq7MbNj2PcKEX1P7MMkQnRtja4xg4lr8ji0+A==][xi80Roce6KP4qFL+vRIx7kOQ360Mfm+hBLlZuwODlk9IbWXe6I/lPwal7ilUJUTLpeX1lb5Sgbfz/U8kwQnPWQ==][cHFLCj0uhYXYduCdXlu34zVkwYxdfbO6xTbpvLRq4Hlx+bism0JJmoo2/1Oidz/XMje4+k82UXbTX/fFYWyyHg==][TvLxLs5/gPMN4EY2lXI/QAX7QQ2XOs2QuRccCruVe1qgSqKizLMv/x5gefhTgIebw330Tska/dCQrJHhTMpqNA==]}
{"logTime": "0409/011130", "correlationVector":"aw04WHMaanjGT7EjsV9UfU.2","action":"EncryptionKeysManager::SetEncryptionKeysWithTimestamps:", "result":"Success", "context":Key timestamps[10]:[2021-07-13T17:38:41Z][2022-01-13T23:08:19Z][2022-07-13T22:28:28Z][2023-01-10T00:32:27Z][2023-07-10T00:30:39Z][2023-10-23T22:31:40Z][2024-04-21T04:10:49Z][2024-10-18T17:06:54Z][2025-04-17T18:11:02Z][2025-10-14T22:17:34Z]}
{"logTime": "0409/011130", "correlationVector":"DADoPu6APQaxV86/8755ej","action":"Initial GetUpdates", "result":"", "context":Reason: NEW_CLIENT. cV=DADoPu6APQaxV86/8755ej}
{"logTime": "0409/011130", "correlationVector":"DADoPu6APQaxV86/8755ej.3","action":"GetUpdates Response", "result":"Success", "context":Received 1 update(s). cV=DADoPu6APQaxV86/8755ej.0;server=akswtt02200002w;cloudType=Consumer;environment=Prod_brazilsouth_prod-s01-034-sam-brazilsouth;migrationStage=NotStarted}
{"logTime": "0409/011130", "correlationVector":"vYm3jxZmUTq/5W21VzZWWP","action":"Initial GetUpdates", "result":"", "context":Reason: NEWLY_SUPPORTED_DATATYPE. cV=vYm3jxZmUTq/5W21VzZWWP}
{"logTime": "0409/011130", "correlationVector":"vYm3jxZmUTq/5W21VzZWWP.1","action":"SyncServerConnectionManagerRequest", "result":"SYNC_SERVER_OK", "context":{"environment":"Prod_brazilsouth_prod-s01-034-sam-brazilsouth", "migrationStage":"NotStarted", "server":"akswtt02200003s"}}
{"logTime": "0409/011130", "correlationVector":"vYm3jxZmUTq/5W21VzZWWP.2","action":"ProcessGetUpdates", "result":"Done", "context":{"dataType":"Preferences", "deleted":"1", "process_failed_to_decrypt":"0", "process_pending_decryption":"0", "process_success":"134", "total":"134"}}
{"logTime": "0409/011130", "correlationVector":"vYm3jxZmUTq/5W21VzZWWP.3","action":"ProcessGetUpdates", "result":"Done", "context":{"dataType":"Passwords", "deleted":"1", "process_failed_to_decrypt":"0", "process_pending_decryption":"0", "process_success":"84", "total":"84"}}
{"logTime": "0409/011130", "correlationVector":"vYm3jxZmUTq/5W21VzZWWP.4","action":"ProcessGetUpdates", "result":"Done", "context":{"dataType":"Device Info", "deleted":"0", "process_failed_to_decrypt":"0", "process_pending_decryption":"0", "process_success":"32", "total":"32"}}
{"logTime": "0409/011130", "correlationVector":"vYm3jxZmUTq/5W21VzZWWP.5","action":"GetUpdates Response", "result":"Success", "context":Received 250 update(s). cV=vYm3jxZmUTq/5W21VzZWWP.0;server=akswtt02200003s;cloudType=Consumer;environment=Prod_brazilsouth_prod-s01-034-sam-brazilsouth;migrationStage=NotStarted Some updates remain.}
{"logTime": "0409/011130", "correlationVector":"ok3S2Q/w28TFP1QUoDxmt8","action":"Initial GetUpdates", "result":"", "context":Reason: NEWLY_SUPPORTED_DATATYPE. cV=ok3S2Q/w28TFP1QUoDxmt8}
{"logTime": "0409/011131", "correlationVector":"ok3S2Q/w28TFP1QUoDxmt8.1","action":"SyncServerConnectionManagerRequest", "result":"SYNC_SERVER_OK", "context":{"environment":"Prod_brazilsouth_prod-s01-001-sam-brazilsouth", "migrationStage":"NotStarted", "server":"akswtt00300000s"}}
{"logTime": "0409/011131", "correlationVector":"ok3S2Q/w28TFP1QUoDxmt8.2","action":"ProcessGetUpdates", "result":"Done", "context":{"dataType":"Passwords", "deleted":"0", "process_failed_to_decrypt":"0", "process_pending_decryption":"0", "process_success":"177", "total":"177"}}
{"logTime": "0409/011131", "correlationVector":"ok3S2Q/w28TFP1QUoDxmt8.3","action":"GetUpdates Response", "result":"Success", "context":Received 177 update(s). cV=ok3S2Q/w28TFP1QUoDxmt8.0;server=akswtt00300000s;cloudType=Consumer;environment=Prod_brazilsouth_prod-s01-001-sam-brazilsouth;migrationStage=NotStarted}
{"logTime": "0409/011131", "correlationVector":"w91l6hajGxLBxHtHxoPsgW","action":"Initial GetUpdates", "result":"", "context":Reason: NEWLY_SUPPORTED_DATATYPE. cV=w91l6hajGxLBxHtHxoPsgW}
{"logTime": "0409/011131", "correlationVector":"w91l6hajGxLBxHtHxoPsgW.1","action":"SyncServerConnectionManagerRequest", "result":"SYNC_SERVER_OK", "context":{"environment":"Prod_brazilsouth_prod-s01-001-sam-brazilsouth", "migrationStage":"NotStarted", "server":"akswtt00300000v"}}
{"logTime": "0409/011131", "correlationVector":"w91l6hajGxLBxHtHxoPsgW.2","action":"ProcessGetUpdates", "result":"Done", "context":{"dataType":"Bookmarks", "deleted":"44", "process_failed_to_decrypt":"0", "process_pending_decryption":"0", "process_success":"133", "total":"133"}}
{"logTime": "0409/011131", "correlationVector":"w91l6hajGxLBxHtHxoPsgW.3","action":"GetUpdates Response", "result":"Success", "context":Received 133 update(s). cV=w91l6hajGxLBxHtHxoPsgW.0;server=akswtt00300000v;cloudType=Consumer;environment=Prod_brazilsouth_prod-s01-001-sam-brazilsouth;migrationStage=NotStarted}
{"logTime": "0409/011132", "correlationVector":"01jzEeDnp49A4Ui1YEFzXi","action":"Initial GetUpdates", "result":"", "context":Reason: NEWLY_SUPPORTED_DATATYPE. cV=01jzEeDnp49A4Ui1YEFzXi}
{"logTime": "0409/011132", "correlationVector":"01jzEeDnp49A4Ui1YEFzXi.1","action":"SyncServerConnectionManagerRequest", "result":"SYNC_SERVER_OK", "context":{"environment":"Prod_brazilsouth_prod-s01-001-sam-brazilsouth", "migrationStage":"NotStarted", "server":"akswtt00300000s"}}
{"logTime": "0409/011132", "correlationVector":"01jzEeDnp49A4Ui1YEFzXi.2","action":"ProcessGetUpdates", "result":"Done", "context":{"dataType":"Autofill Profiles", "deleted":"0", "process_failed_to_decrypt":"0", "process_pending_decryption":"0", "process_success":"37", "total":"37"}}
{"logTime": "0409/011132", "correlationVector":"01jzEeDnp49A4Ui1YEFzXi.3","action":"ProcessGetUpdates", "result":"Done", "context":{"dataType":"Autofill", "deleted":"0", "process_failed_to_decrypt":"0", "process_pending_decryption":"0", "process_success":"207", "total":"207"}}
{"logTime": "0409/011132", "correlationVector":"01jzEeDnp49A4Ui1YEFzXi.4","action":"ProcessGetUpdates", "result":"Done", "context":{"dataType":"Extensions", "deleted":"0", "process_failed_to_decrypt":"0", "process_pending_decryption":"0", "process_success":"4", "total":"4"}}
{"logTime": "0409/011132", "correlationVector":"01jzEeDnp49A4Ui1YEFzXi.5","action":"ProcessGetUpdates", "result":"Done", "context":{"dataType":"Web Apps", "deleted":"0", "process_failed_to_decrypt":"0", "process_pending_decryption":"0", "process_success":"2", "total":"2"}}
{"logTime": "0409/011132", "correlationVector":"01jzEeDnp49A4Ui1YEFzXi.6","action":"GetUpdates Response", "result":"Success", "context":Received 250 update(s). cV=01jzEeDnp49A4Ui1YEFzXi.0;server=akswtt00300000s;cloudType=Consumer;environment=Prod_brazilsouth_prod-s01-001-sam-brazilsouth;migrationStage=NotStarted Some updates remain.}
{"logTime": "0409/011132", "correlationVector":"096hfHLzSkQqFQeD8xtYDy","action":"Initial GetUpdates", "result":"", "context":Reason: NEWLY_SUPPORTED_DATATYPE. cV=096hfHLzSkQqFQeD8xtYDy}
{"logTime": "0409/011133", "correlationVector":"096hfHLzSkQqFQeD8xtYDy.1","action":"SyncServerConnectionManagerRequest", "result":"SYNC_SERVER_OK", "context":{"environment":"Prod_brazilsouth_prod-s01-001-sam-brazilsouth", "migrationStage":"NotStarted", "server":"akswtt003000008"}}
{"logTime": "0409/011133", "correlationVector":"096hfHLzSkQqFQeD8xtYDy.2","action":"ProcessGetUpdates", "result":"Done", "context":{"dataType":"Autofill", "deleted":"0", "process_failed_to_decrypt":"0", "process_pending_decryption":"0", "process_success":"250", "total":"250"}}
{"logTime": "0409/011133", "correlationVector":"096hfHLzSkQqFQeD8xtYDy.3","action":"GetUpdates Response", "result":"Success", "context":Received 250 update(s). cV=096hfHLzSkQqFQeD8xtYDy.0;server=akswtt003000008;cloudType=Consumer;environment=Prod_brazilsouth_prod-s01-001-sam-brazilsouth;migrationStage=NotStarted Some updates remain.}
{"logTime": "0409/011133", "correlationVector":"NhS4Zhdw/nu7+9+u6etagk","action":"Initial GetUpdates", "result":"", "context":Reason: NEWLY_SUPPORTED_DATATYPE. cV=NhS4Zhdw/nu7+9+u6etagk}
{"logTime": "0409/011133", "correlationVector":"NhS4Zhdw/nu7+9+u6etagk.1","action":"SyncServerConnectionManagerRequest", "result":"SYNC_SERVER_OK", "context":{"environment":"Prod_brazilsouth_prod-s01-001-sam-brazilsouth", "migrationStage":"NotStarted", "server":"akswtt00300000v"}}
{"logTime": "0409/011133", "correlationVector":"NhS4Zhdw/nu7+9+u6etagk.2","action":"ProcessGetUpdates", "result":"Done", "context":{"dataType":"Autofill", "deleted":"0", "process_failed_to_decrypt":"0", "process_pending_decryption":"0", "process_success":"250", "total":"250"}}
{"logTime": "0409/011133", "correlationVector":"NhS4Zhdw/nu7+9+u6etagk.3","action":"GetUpdates Response", "result":"Success", "context":Received 250 update(s). cV=NhS4Zhdw/nu7+9+u6etagk.0;server=akswtt00300000v;cloudType=Consumer;environment=Prod_brazilsouth_prod-s01-001-sam-brazilsouth;migrationStage=NotStarted Some updates remain.}
{"logTime": "0409/011133", "correlationVector":"ZBQ8lkbGf4EPjbbsDC1qTC","action":"Initial GetUpdates", "result":"", "context":Reason: NEWLY_SUPPORTED_DATATYPE. cV=ZBQ8lkbGf4EPjbbsDC1qTC}
{"logTime": "0409/011134", "correlationVector":"ZBQ8lkbGf4EPjbbsDC1qTC.1","action":"SyncServerConnectionManagerRequest", "result":"SYNC_SERVER_OK", "context":{"environment":"Prod_brazilsouth_prod-s01-001-sam-brazilsouth", "migrationStage":"NotStarted", "server":"akswtt003000009"}}
{"logTime": "0409/011134", "correlationVector":"ZBQ8lkbGf4EPjbbsDC1qTC.2","action":"ProcessGetUpdates", "result":"Done", "context":{"dataType":"Autofill", "deleted":"0", "process_failed_to_decrypt":"0", "process_pending_decryption":"0", "process_success":"250", "total":"250"}}
{"logTime": "0409/011134", "correlationVector":"ZBQ8lkbGf4EPjbbsDC1qTC.3","action":"GetUpdates Response", "result":"Success", "context":Received 250 update(s). cV=ZBQ8lkbGf4EPjbbsDC1qTC.0;server=akswtt003000009;cloudType=Consumer;environment=Prod_brazilsouth_prod-s01-001-sam-brazilsouth;migrationStage=NotStarted Some updates remain.}
{"logTime": "0409/011134", "correlationVector":"B3+S+329uJPZN/iTygBOGH","action":"Initial GetUpdates", "result":"", "context":Reason: NEWLY_SUPPORTED_DATATYPE. cV=B3+S+329uJPZN/iTygBOGH}
{"logTime": "0409/011135", "correlationVector":"B3+S+329uJPZN/iTygBOGH.1","action":"SyncServerConnectionManagerRequest", "result":"SYNC_SERVER_OK", "context":{"environment":"Prod_brazilsouth_prod-s01-001-sam-brazilsouth", "migrationStage":"NotStarted", "server":"akswtt00300000x"}}
{"logTime": "0409/011135", "correlationVector":"B3+S+329uJPZN/iTygBOGH.2","action":"ProcessGetUpdates", "result":"Done", "context":{"dataType":"Autofill", "deleted":"0", "process_failed_to_decrypt":"0", "process_pending_decryption":"0", "process_success":"250", "total":"250"}}
{"logTime": "0409/011135", "correlationVector":"B3+S+329uJPZN/iTygBOGH.3","action":"GetUpdates Response", "result":"Success", "context":Received 250 update(s). cV=B3+S+329uJPZN/iTygBOGH.0;server=akswtt00300000x;cloudType=Consumer;environment=Prod_brazilsouth_prod-s01-001-sam-brazilsouth;migrationStage=NotStarted Some updates remain.}
{"logTime": "0409/011135", "correlationVector":"zb8+ETHWR5GJ0Rz/lW580O","action":"Initial GetUpdates", "result":"", "context":Reason: NEWLY_SUPPORTED_DATATYPE. cV=zb8+ETHWR5GJ0Rz/lW580O}
{"logTime": "0409/011135", "correlationVector":"zb8+ETHWR5GJ0Rz/lW580O.1","action":"SyncServerConnectionManagerRequest", "result":"SYNC_SERVER_OK", "context":{"environment":"Prod_brazilsouth_prod-s01-001-sam-brazilsouth", "migrationStage":"NotStarted", "server":"akswtt003000008"}}
{"logTime": "0409/011135", "correlationVector":"zb8+ETHWR5GJ0Rz/lW580O.2","action":"ProcessGetUpdates", "result":"Done", "context":{"dataType":"Autofill", "deleted":"0", "process_failed_to_decrypt":"0", "process_pending_decryption":"0", "process_success":"250", "total":"250"}}
{"logTime": "0409/011135", "correlationVector":"zb8+ETHWR5GJ0Rz/lW580O.3","action":"GetUpdates Response", "result":"Success", "context":Received 250 update(s). cV=zb8+ETHWR5GJ0Rz/lW580O.0;server=akswtt003000008;cloudType=Consumer;environment=Prod_brazilsouth_prod-s01-001-sam-brazilsouth;migrationStage=NotStarted Some updates remain.}
{"logTime": "0409/011135", "correlationVector":"d0Dcz7ifRYnemmFx2KQSpn","action":"Initial GetUpdates", "result":"", "context":Reason: NEWLY_SUPPORTED_DATATYPE. cV=d0Dcz7ifRYnemmFx2KQSpn}
{"logTime": "0409/011136", "correlationVector":"d0Dcz7ifRYnemmFx2KQSpn.1","action":"SyncServerConnectionManagerRequest", "result":"SYNC_SERVER_OK", "context":{"environment":"Prod_brazilsouth_prod-s01-001-sam-brazilsouth", "migrationStage":"NotStarted", "server":"akswtt00300000u"}}
{"logTime": "0409/011136", "correlationVector":"d0Dcz7ifRYnemmFx2KQSpn.2","action":"ProcessGetUpdates", "result":"Done", "context":{"dataType":"Autofill", "deleted":"0", "process_failed_to_decrypt":"0", "process_pending_decryption":"0", "process_success":"250", "total":"250"}}
{"logTime": "0409/011136", "correlationVector":"d0Dcz7ifRYnemmFx2KQSpn.3","action":"GetUpdates Response", "result":"Success", "context":Received 250 update(s). cV=d0Dcz7ifRYnemmFx2KQSpn.0;server=akswtt00300000u;cloudType=Consumer;environment=Prod_brazilsouth_prod-s01-001-sam-brazilsouth;migrationStage=NotStarted Some updates remain.}
{"logTime": "0409/011136", "correlationVector":"/rf8vTyJEIPbDz/zBWp7Ho","action":"Initial GetUpdates", "result":"", "context":Reason: NEWLY_SUPPORTED_DATATYPE. cV=/rf8vTyJEIPbDz/zBWp7Ho}
{"logTime": "0409/011136", "correlationVector":"/rf8vTyJEIPbDz/zBWp7Ho.1","action":"SyncServerConnectionManagerRequest", "result":"SYNC_SERVER_OK", "context":{"environment":"Prod_brazilsouth_prod-s01-001-sam-brazilsouth", "migrationStage":"NotStarted", "server":"akswtt003000009"}}
{"logTime": "0409/011136", "correlationVector":"/rf8vTyJEIPbDz/zBWp7Ho.2","action":"ProcessGetUpdates", "result":"Done", "context":{"dataType":"Autofill", "deleted":"0", "process_failed_to_decrypt":"0", "process_pending_decryption":"0", "process_success":"250", "total":"250"}}
{"logTime": "0409/011136", "correlationVector":"/rf8vTyJEIPbDz/zBWp7Ho.3","action":"GetUpdates Response", "result":"Success", "context":Received 250 update(s). cV=/rf8vTyJEIPbDz/zBWp7Ho.0;server=akswtt003000009;cloudType=Consumer;environment=Prod_brazilsouth_prod-s01-001-sam-brazilsouth;migrationStage=NotStarted Some updates remain.}
{"logTime": "0409/011136", "correlationVector":"5Rn9fgOMrX+pFaODK8iPCL","action":"Initial GetUpdates", "result":"", "context":Reason: NEWLY_SUPPORTED_DATATYPE. cV=5Rn9fgOMrX+pFaODK8iPCL}
{"logTime": "0409/011137", "correlationVector":"5Rn9fgOMrX+pFaODK8iPCL.1","action":"SyncServerConnectionManagerRequest", "result":"SYNC_SERVER_OK", "context":{"environment":"Prod_brazilsouth_prod-s01-001-sam-brazilsouth", "migrationStage":"NotStarted", "server":"akswtt003000009"}}
{"logTime": "0409/011137", "correlationVector":"5Rn9fgOMrX+pFaODK8iPCL.2","action":"ProcessGetUpdates", "result":"Done", "context":{"dataType":"Autofill", "deleted":"0", "process_failed_to_decrypt":"0", "process_pending_decryption":"0", "process_success":"250", "total":"250"}}
{"logTime": "0409/011137", "correlationVector":"5Rn9fgOMrX+pFaODK8iPCL.3","action":"GetUpdates Response", "result":"Success", "context":Received 250 update(s). cV=5Rn9fgOMrX+pFaODK8iPCL.0;server=akswtt003000009;cloudType=Consumer;environment=Prod_brazilsouth_prod-s01-001-sam-brazilsouth;migrationStage=NotStarted Some updates remain.}
{"logTime": "0409/011137", "correlationVector":"agdnApBND7EqxiScxu7dHF","action":"Initial GetUpdates", "result":"", "context":Reason: NEWLY_SUPPORTED_DATATYPE. cV=agdnApBND7EqxiScxu7dHF}
{"logTime": "0409/011138", "correlationVector":"agdnApBND7EqxiScxu7dHF.1","action":"SyncServerConnectionManagerRequest", "result":"SYNC_SERVER_OK", "context":{"environment":"Prod_brazilsouth_prod-s01-001-sam-brazilsouth", "migrationStage":"NotStarted", "server":"akswtt003000008"}}
{"logTime": "0409/011138", "correlationVector":"agdnApBND7EqxiScxu7dHF.2","action":"ProcessGetUpdates", "result":"Done", "context":{"dataType":"Autofill", "deleted":"0", "process_failed_to_decrypt":"0", "process_pending_decryption":"0", "process_success":"250", "total":"250"}}
{"logTime": "0409/011138", "correlationVector":"agdnApBND7EqxiScxu7dHF.3","action":"GetUpdates Response", "result":"Success", "context":Received 250 update(s). cV=agdnApBND7EqxiScxu7dHF.0;server=akswtt003000008;cloudType=Consumer;environment=Prod_brazilsouth_prod-s01-001-sam-brazilsouth;migrationStage=NotStarted Some updates remain.}
{"logTime": "0409/011138", "correlationVector":"HQgW8PdeLUEKfD0A3afrup","action":"Initial GetUpdates", "result":"", "context":Reason: NEWLY_SUPPORTED_DATATYPE. cV=HQgW8PdeLUEKfD0A3afrup}
{"logTime": "0409/011138", "correlationVector":"HQgW8PdeLUEKfD0A3afrup.1","action":"SyncServerConnectionManagerRequest", "result":"SYNC_SERVER_OK", "context":{"environment":"Prod_brazilsouth_prod-s01-001-sam-brazilsouth", "migrationStage":"NotStarted", "server":"akswtt00300000x"}}
{"logTime": "0409/011138", "correlationVector":"HQgW8PdeLUEKfD0A3afrup.2","action":"ProcessGetUpdates", "result":"Done", "context":{"dataType":"Autofill", "deleted":"0", "process_failed_to_decrypt":"0", "process_pending_decryption":"0", "process_success":"250", "total":"250"}}
{"logTime": "0409/011138", "correlationVector":"HQgW8PdeLUEKfD0A3afrup.3","action":"GetUpdates Response", "result":"Success", "context":Received 250 update(s). cV=HQgW8PdeLUEKfD0A3afrup.0;server=akswtt00300000x;cloudType=Consumer;environment=Prod_brazilsouth_prod-s01-001-sam-brazilsouth;migrationStage=NotStarted Some updates remain.}
{"logTime": "0409/011138", "correlationVector":"mzGNVjBxrDlFxgDdzxavF9","action":"Initial GetUpdates", "result":"", "context":Reason: NEWLY_SUPPORTED_DATATYPE. cV=mzGNVjBxrDlFxgDdzxavF9}
{"logTime": "0409/011139", "correlationVector":"mzGNVjBxrDlFxgDdzxavF9.1","action":"SyncServerConnectionManagerRequest", "result":"SYNC_SERVER_OK", "context":{"environment":"Prod_brazilsouth_prod-s01-001-sam-brazilsouth", "migrationStage":"NotStarted", "server":"akswtt003000008"}}
{"logTime": "0409/011139", "correlationVector":"mzGNVjBxrDlFxgDdzxavF9.2","action":"ProcessGetUpdates", "result":"Done", "context":{"dataType":"Autofill Profiles", "deleted":"0", "process_failed_to_decrypt":"0", "process_pending_decryption":"0", "process_success":"2", "total":"2"}}
{"logTime": "0409/011139", "correlationVector":"mzGNVjBxrDlFxgDdzxavF9.3","action":"ProcessGetUpdates", "result":"Done", "context":{"dataType":"Autofill", "deleted":"0", "process_failed_to_decrypt":"0", "process_pending_decryption":"0", "process_success":"248", "total":"248"}}
{"logTime": "0409/011139", "correlationVector":"mzGNVjBxrDlFxgDdzxavF9.4","action":"GetUpdates Response", "result":"Success", "context":Received 250 update(s). cV=mzGNVjBxrDlFxgDdzxavF9.0;server=akswtt003000008;cloudType=Consumer;environment=Prod_brazilsouth_prod-s01-001-sam-brazilsouth;migrationStage=NotStarted Some updates remain.}
{"logTime": "0409/011139", "correlationVector":"dd4mN5wmMNlsHcblSrt3BI","action":"Initial GetUpdates", "result":"", "context":Reason: NEWLY_SUPPORTED_DATATYPE. cV=dd4mN5wmMNlsHcblSrt3BI}
{"logTime": "0409/011140", "correlationVector":"dd4mN5wmMNlsHcblSrt3BI.1","action":"SyncServerConnectionManagerRequest", "result":"SYNC_SERVER_OK", "context":{"environment":"Prod_brazilsouth_prod-s01-001-sam-brazilsouth", "migrationStage":"NotStarted", "server":"akswtt00300000v"}}
{"logTime": "0409/011140", "correlationVector":"dd4mN5wmMNlsHcblSrt3BI.2","action":"ProcessGetUpdates", "result":"Done", "context":{"dataType":"Autofill Profiles", "deleted":"11", "process_failed_to_decrypt":"0", "process_pending_decryption":"0", "process_success":"16", "total":"16"}}
{"logTime": "0409/011140", "correlationVector":"dd4mN5wmMNlsHcblSrt3BI.3","action":"ProcessGetUpdates", "result":"Done", "context":{"dataType":"Autofill", "deleted":"0", "process_failed_to_decrypt":"0", "process_pending_decryption":"0", "process_success":"99", "total":"99"}}
{"logTime": "0409/011140", "correlationVector":"dd4mN5wmMNlsHcblSrt3BI.4","action":"ProcessGetUpdates", "result":"Done", "context":{"dataType":"Extensions", "deleted":"0", "process_failed_to_decrypt":"0", "process_pending_decryption":"0", "process_success":"1", "total":"1"}}
{"logTime": "0409/011140", "correlationVector":"dd4mN5wmMNlsHcblSrt3BI.5","action":"ProcessGetUpdates", "result":"Done", "context":{"dataType":"Sessions", "deleted":"129", "process_failed_to_decrypt":"0", "process_pending_decryption":"0", "process_success":"129", "total":"129"}}
{"logTime": "0409/011140", "correlationVector":"dd4mN5wmMNlsHcblSrt3BI.6","action":"ProcessGetUpdates", "result":"Done", "context":{"dataType":"Edge Hub App Usage", "deleted":"4", "process_failed_to_decrypt":"0", "process_pending_decryption":"0", "process_success":"5", "total":"5"}}
{"logTime": "0409/011140", "correlationVector":"dd4mN5wmMNlsHcblSrt3BI.7","action":"GetUpdates Response", "result":"Success", "context":Received 250 update(s). cV=dd4mN5wmMNlsHcblSrt3BI.0;server=akswtt00300000v;cloudType=Consumer;environment=Prod_brazilsouth_prod-s01-001-sam-brazilsouth;migrationStage=NotStarted Some updates remain.}
{"logTime": "0409/011140", "correlationVector":"ITr8apkx41WlWeGFo5wD1K","action":"Initial GetUpdates", "result":"", "context":Reason: NEWLY_SUPPORTED_DATATYPE. cV=ITr8apkx41WlWeGFo5wD1K}
{"logTime": "0409/011140", "correlationVector":"ITr8apkx41WlWeGFo5wD1K.1","action":"SyncServerConnectionManagerRequest", "result":"SYNC_SERVER_OK", "context":{"environment":"Prod_brazilsouth_prod-s01-001-sam-brazilsouth", "migrationStage":"NotStarted", "server":"akswtt00300000x"}}
{"logTime": "0409/011140", "correlationVector":"ITr8apkx41WlWeGFo5wD1K.2","action":"ProcessGetUpdates", "result":"Done", "context":{"dataType":"Autofill Profiles", "deleted":"19", "process_failed_to_decrypt":"0", "process_pending_decryption":"0", "process_success":"21", "total":"21"}}
{"logTime": "0409/011140", "correlationVector":"ITr8apkx41WlWeGFo5wD1K.3","action":"ProcessGetUpdates", "result":"Done", "context":{"dataType":"Autofill", "deleted":"0", "process_failed_to_decrypt":"0", "process_pending_decryption":"0", "process_success":"39", "total":"39"}}
{"logTime": "0409/011140", "correlationVector":"ITr8apkx41WlWeGFo5wD1K.4","action":"ProcessGetUpdates", "result":"Done", "context":{"dataType":"Extensions", "deleted":"0", "process_failed_to_decrypt":"0", "process_pending_decryption":"0", "process_success":"4", "total":"4"}}
{"logTime": "0409/011140", "correlationVector":"ITr8apkx41WlWeGFo5wD1K.5","action":"ProcessGetUpdates", "result":"Done", "context":{"dataType":"Sessions", "deleted":"154", "process_failed_to_decrypt":"0", "process_pending_decryption":"0", "process_success":"158", "total":"158"}}
{"logTime": "0409/011140", "correlationVector":"ITr8apkx41WlWeGFo5wD1K.6","action":"ProcessGetUpdates", "result":"Done", "context":{"dataType":"Saved Tab Group", "deleted":"2", "process_failed_to_decrypt":"0", "process_pending_decryption":"0", "process_success":"2", "total":"2"}}
{"logTime": "0409/011140", "correlationVector":"ITr8apkx41WlWeGFo5wD1K.7","action":"ProcessGetUpdates", "result":"Done", "context":{"dataType":"Edge Hub App Usage", "deleted":"2", "process_failed_to_decrypt":"0", "process_pending_decryption":"0", "process_success":"9", "total":"9"}}
{"logTime": "0409/011140", "correlationVector":"ITr8apkx41WlWeGFo5wD1K.8","action":"GetUpdates Response", "result":"Success", "context":Received 233 update(s). cV=ITr8apkx41WlWeGFo5wD1K.0;server=akswtt00300000x;cloudType=Consumer;environment=Prod_brazilsouth_prod-s01-001-sam-brazilsouth;migrationStage=NotStarted}
{"logTime": "0409/011140", "correlationVector":"UIshQkkTNuIP/CiiI71IQF","action":"Initial GetUpdates", "result":"", "context":Reason: NEWLY_SUPPORTED_DATATYPE. cV=UIshQkkTNuIP/CiiI71IQF}
{"logTime": "0409/011141", "correlationVector":"UIshQkkTNuIP/CiiI71IQF.1","action":"SyncServerConnectionManagerRequest", "result":"SYNC_SERVER_OK", "context":{"environment":"Prod_brazilsouth_prod-s01-001-sam-brazilsouth", "migrationStage":"NotStarted", "server":"akswtt003000002"}}
{"logTime": "0409/011141", "correlationVector":"UIshQkkTNuIP/CiiI71IQF.2","action":"ProcessGetUpdates", "result":"Done", "context":{"dataType":"History", "deleted":"0", "process_failed_to_decrypt":"0", "process_pending_decryption":"0", "process_success":"250", "total":"250"}}
{"logTime": "0409/011141", "correlationVector":"UIshQkkTNuIP/CiiI71IQF.3","action":"GetUpdates Response", "result":"Success", "context":Received 250 update(s). cV=UIshQkkTNuIP/CiiI71IQF.0;server=akswtt003000002;cloudType=Consumer;environment=Prod_brazilsouth_prod-s01-001-sam-brazilsouth;migrationStage=NotStarted Some updates remain.}
{"logTime": "0409/011141", "correlationVector":"3j/HThR+rzbGJ3jwKg27Y5","action":"Initial GetUpdates", "result":"", "context":Reason: NEWLY_SUPPORTED_DATATYPE. cV=3j/HThR+rzbGJ3jwKg27Y5}
{"logTime": "0409/011142", "correlationVector":"3j/HThR+rzbGJ3jwKg27Y5.1","action":"SyncServerConnectionManagerRequest", "result":"SYNC_SERVER_OK", "context":{"environment":"Prod_brazilsouth_prod-s01-001-sam-brazilsouth", "migrationStage":"NotStarted", "server":"akswtt003000009"}}
{"logTime": "0409/011142", "correlationVector":"3j/HThR+rzbGJ3jwKg27Y5.2","action":"ProcessGetUpdates", "result":"Done", "context":{"dataType":"History", "deleted":"0", "process_failed_to_decrypt":"0", "process_pending_decryption":"0", "process_success":"250", "total":"250"}}
{"logTime": "0409/011142", "correlationVector":"3j/HThR+rzbGJ3jwKg27Y5.3","action":"GetUpdates Response", "result":"Success", "context":Received 250 update(s). cV=3j/HThR+rzbGJ3jwKg27Y5.0;server=akswtt003000009;cloudType=Consumer;environment=Prod_brazilsouth_prod-s01-001-sam-brazilsouth;migrationStage=NotStarted Some updates remain.}
{"logTime": "0409/011142", "correlationVector":"mV0QrjlAvLvttBVd26ZbTo","action":"Initial GetUpdates", "result":"", "context":Reason: NEWLY_SUPPORTED_DATATYPE. cV=mV0QrjlAvLvttBVd26ZbTo}
{"logTime": "0409/011143", "correlationVector":"mV0QrjlAvLvttBVd26ZbTo.1","action":"SyncServerConnectionManagerRequest", "result":"SYNC_SERVER_OK", "context":{"environment":"Prod_brazilsouth_prod-s01-001-sam-brazilsouth", "migrationStage":"NotStarted", "server":"akswtt003000008"}}
{"logTime": "0409/011143", "correlationVector":"mV0QrjlAvLvttBVd26ZbTo.2","action":"ProcessGetUpdates", "result":"Done", "context":{"dataType":"History", "deleted":"0", "process_failed_to_decrypt":"0", "process_pending_decryption":"0", "process_success":"250", "total":"250"}}
{"logTime": "0409/011143", "correlationVector":"mV0QrjlAvLvttBVd26ZbTo.3","action":"GetUpdates Response", "result":"Success", "context":Received 250 update(s). cV=mV0QrjlAvLvttBVd26ZbTo.0;server=akswtt003000008;cloudType=Consumer;environment=Prod_brazilsouth_prod-s01-001-sam-brazilsouth;migrationStage=NotStarted Some updates remain.}
{"logTime": "0409/011143", "correlationVector":"yQbthGi82e1ClqE/63l9Fg","action":"Initial GetUpdates", "result":"", "context":Reason: NEWLY_SUPPORTED_DATATYPE. cV=yQbthGi82e1ClqE/63l9Fg}
{"logTime": "0409/011143", "correlationVector":"yQbthGi82e1ClqE/63l9Fg.1","action":"SyncServerConnectionManagerRequest", "result":"SYNC_SERVER_OK", "context":{"environment":"Prod_brazilsouth_prod-s01-001-sam-brazilsouth", "migrationStage":"NotStarted", "server":"akswtt00300000v"}}
{"logTime": "0409/011143", "correlationVector":"yQbthGi82e1ClqE/63l9Fg.2","action":"ProcessGetUpdates", "result":"Done", "context":{"dataType":"History", "deleted":"0", "process_failed_to_decrypt":"0", "process_pending_decryption":"0", "process_success":"250", "total":"250"}}
{"logTime": "0409/011143", "correlationVector":"yQbthGi82e1ClqE/63l9Fg.3","action":"GetUpdates Response", "result":"Success", "context":Received 250 update(s). cV=yQbthGi82e1ClqE/63l9Fg.0;server=akswtt00300000v;cloudType=Consumer;environment=Prod_brazilsouth_prod-s01-001-sam-brazilsouth;migrationStage=NotStarted Some updates remain.}
{"logTime": "0409/011143", "correlationVector":"RJb6R2vd48waL5lhY91huN","action":"Initial GetUpdates", "result":"", "context":Reason: NEWLY_SUPPORTED_DATATYPE. cV=RJb6R2vd48waL5lhY91huN}
{"logTime": "0409/011144", "correlationVector":"RJb6R2vd48waL5lhY91huN.1","action":"SyncServerConnectionManagerRequest", "result":"SYNC_SERVER_OK", "context":{"environment":"Prod_brazilsouth_prod-s01-001-sam-brazilsouth", "migrationStage":"NotStarted", "server":"akswtt003000005"}}
{"logTime": "0409/011144", "correlationVector":"RJb6R2vd48waL5lhY91huN.2","action":"ProcessGetUpdates", "result":"Done", "context":{"dataType":"History", "deleted":"0", "process_failed_to_decrypt":"0", "process_pending_decryption":"0", "process_success":"250", "total":"250"}}
{"logTime": "0409/011144", "correlationVector":"RJb6R2vd48waL5lhY91huN.3","action":"GetUpdates Response", "result":"Success", "context":Received 250 update(s). cV=RJb6R2vd48waL5lhY91huN.0;server=akswtt003000005;cloudType=Consumer;environment=Prod_brazilsouth_prod-s01-001-sam-brazilsouth;migrationStage=NotStarted Some updates remain.}
{"logTime": "0409/011144", "correlationVector":"ssPLm84P2Snpjjlg3y0e2e","action":"Initial GetUpdates", "result":"", "context":Reason: NEWLY_SUPPORTED_DATATYPE. cV=ssPLm84P2Snpjjlg3y0e2e}
{"logTime": "0409/011145", "correlationVector":"ssPLm84P2Snpjjlg3y0e2e.1","action":"SyncServerConnectionManagerRequest", "result":"SYNC_SERVER_OK", "context":{"environment":"Prod_brazilsouth_prod-s01-001-sam-brazilsouth", "migrationStage":"NotStarted", "server":"akswtt003000002"}}
{"logTime": "0409/011145", "correlationVector":"ssPLm84P2Snpjjlg3y0e2e.2","action":"ProcessGetUpdates", "result":"Done", "context":{"dataType":"History", "deleted":"0", "process_failed_to_decrypt":"0", "process_pending_decryption":"0", "process_success":"250", "total":"250"}}
{"logTime": "0409/011145", "correlationVector":"ssPLm84P2Snpjjlg3y0e2e.3","action":"GetUpdates Response", "result":"Success", "context":Received 250 update(s). cV=ssPLm84P2Snpjjlg3y0e2e.0;server=akswtt003000002;cloudType=Consumer;environment=Prod_brazilsouth_prod-s01-001-sam-brazilsouth;migrationStage=NotStarted Some updates remain.}
{"logTime": "0409/011145", "correlationVector":"voixmfGJ3G4djGDcRWDIkv","action":"Initial GetUpdates", "result":"", "context":Reason: NEWLY_SUPPORTED_DATATYPE. cV=voixmfGJ3G4djGDcRWDIkv}
{"logTime": "0409/011145", "correlationVector":"voixmfGJ3G4djGDcRWDIkv.1","action":"SyncServerConnectionManagerRequest", "result":"SYNC_SERVER_OK", "context":{"environment":"Prod_brazilsouth_prod-s01-001-sam-brazilsouth", "migrationStage":"NotStarted", "server":"akswtt003000009"}}
{"logTime": "0409/011145", "correlationVector":"voixmfGJ3G4djGDcRWDIkv.2","action":"ProcessGetUpdates", "result":"Done", "context":{"dataType":"History", "deleted":"0", "process_failed_to_decrypt":"0", "process_pending_decryption":"0", "process_success":"250", "total":"250"}}
{"logTime": "0409/011145", "correlationVector":"voixmfGJ3G4djGDcRWDIkv.3","action":"GetUpdates Response", "result":"Success", "context":Received 250 update(s). cV=voixmfGJ3G4djGDcRWDIkv.0;server=akswtt003000009;cloudType=Consumer;environment=Prod_brazilsouth_prod-s01-001-sam-brazilsouth;migrationStage=NotStarted Some updates remain.}
{"logTime": "0409/011145", "correlationVector":"GsQEWDSw2JLnm6b+EQVpTq","action":"Initial GetUpdates", "result":"", "context":Reason: NEWLY_SUPPORTED_DATATYPE. cV=GsQEWDSw2JLnm6b+EQVpTq}
{"logTime": "0409/011147", "correlationVector":"GsQEWDSw2JLnm6b+EQVpTq.1","action":"SyncServerConnectionManagerRequest", "result":"SYNC_SERVER_OK", "context":{"environment":"Prod_brazilsouth_prod-s01-001-sam-brazilsouth", "migrationStage":"NotStarted", "server":"akswtt00300000x"}}
{"logTime": "0409/011147", "correlationVector":"GsQEWDSw2JLnm6b+EQVpTq.2","action":"ProcessGetUpdates", "result":"Done", "context":{"dataType":"History", "deleted":"0", "process_failed_to_decrypt":"0", "process_pending_decryption":"0", "process_success":"250", "total":"250"}}
{"logTime": "0409/011147", "correlationVector":"GsQEWDSw2JLnm6b+EQVpTq.3","action":"GetUpdates Response", "result":"Success", "context":Received 250 update(s). cV=GsQEWDSw2JLnm6b+EQVpTq.0;server=akswtt00300000x;cloudType=Consumer;environment=Prod_brazilsouth_prod-s01-001-sam-brazilsouth;migrationStage=NotStarted Some updates remain.}
{"logTime": "0409/011147", "correlationVector":"0SplrXKiZdVlHw+u8iXkWJ","action":"Initial GetUpdates", "result":"", "context":Reason: NEWLY_SUPPORTED_DATATYPE. cV=0SplrXKiZdVlHw+u8iXkWJ}
{"logTime": "0409/011147", "correlationVector":"0SplrXKiZdVlHw+u8iXkWJ.1","action":"SyncServerConnectionManagerRequest", "result":"SYNC_SERVER_OK", "context":{"environment":"Prod_brazilsouth_prod-s01-001-sam-brazilsouth", "migrationStage":"NotStarted", "server":"akswtt003000009"}}
{"logTime": "0409/011147", "correlationVector":"0SplrXKiZdVlHw+u8iXkWJ.2","action":"ProcessGetUpdates", "result":"Done", "context":{"dataType":"History", "deleted":"0", "process_failed_to_decrypt":"0", "process_pending_decryption":"0", "process_success":"250", "total":"250"}}
{"logTime": "0409/011147", "correlationVector":"0SplrXKiZdVlHw+u8iXkWJ.3","action":"GetUpdates Response", "result":"Success", "context":Received 250 update(s). cV=0SplrXKiZdVlHw+u8iXkWJ.0;server=akswtt003000009;cloudType=Consumer;environment=Prod_brazilsouth_prod-s01-001-sam-brazilsouth;migrationStage=NotStarted Some updates remain.}
{"logTime": "0409/011147", "correlationVector":"5529LBMGO205oj6VpPMdPk","action":"Initial GetUpdates", "result":"", "context":Reason: NEWLY_SUPPORTED_DATATYPE. cV=5529LBMGO205oj6VpPMdPk}
{"logTime": "0409/011148", "correlationVector":"5529LBMGO205oj6VpPMdPk.1","action":"SyncServerConnectionManagerRequest", "result":"SYNC_SERVER_OK", "context":{"environment":"Prod_brazilsouth_prod-s01-001-sam-brazilsouth", "migrationStage":"NotStarted", "server":"akswtt00300000x"}}
{"logTime": "0409/011148", "correlationVector":"5529LBMGO205oj6VpPMdPk.2","action":"ProcessGetUpdates", "result":"Done", "context":{"dataType":"History", "deleted":"0", "process_failed_to_decrypt":"0", "process_pending_decryption":"0", "process_success":"250", "total":"250"}}
{"logTime": "0409/011148", "correlationVector":"5529LBMGO205oj6VpPMdPk.3","action":"GetUpdates Response", "result":"Success", "context":Received 250 update(s). cV=5529LBMGO205oj6VpPMdPk.0;server=akswtt00300000x;cloudType=Consumer;environment=Prod_brazilsouth_prod-s01-001-sam-brazilsouth;migrationStage=NotStarted Some updates remain.}
{"logTime": "0409/011148", "correlationVector":"DHwln5s9nmR0Q5A1Cv+FJh","action":"Initial GetUpdates", "result":"", "context":Reason: NEWLY_SUPPORTED_DATATYPE. cV=DHwln5s9nmR0Q5A1Cv+FJh}
{"logTime": "0409/011149", "correlationVector":"DHwln5s9nmR0Q5A1Cv+FJh.1","action":"SyncServerConnectionManagerRequest", "result":"SYNC_SERVER_OK", "context":{"environment":"Prod_brazilsouth_prod-s01-001-sam-brazilsouth", "migrationStage":"NotStarted", "server":"akswtt00300000v"}}
{"logTime": "0409/011149", "correlationVector":"DHwln5s9nmR0Q5A1Cv+FJh.2","action":"ProcessGetUpdates", "result":"Done", "context":{"dataType":"History", "deleted":"0", "process_failed_to_decrypt":"0", "process_pending_decryption":"0", "process_success":"250", "total":"250"}}
{"logTime": "0409/011149", "correlationVector":"DHwln5s9nmR0Q5A1Cv+FJh.3","action":"GetUpdates Response", "result":"Success", "context":Received 250 update(s). cV=DHwln5s9nmR0Q5A1Cv+FJh.0;server=akswtt00300000v;cloudType=Consumer;environment=Prod_brazilsouth_prod-s01-001-sam-brazilsouth;migrationStage=NotStarted Some updates remain.}
{"logTime": "0409/011149", "correlationVector":"G0L0ga/JE0TMzdGUoMnxRK","action":"Initial GetUpdates", "result":"", "context":Reason: NEWLY_SUPPORTED_DATATYPE. cV=G0L0ga/JE0TMzdGUoMnxRK}
{"logTime": "0409/011149", "correlationVector":"G0L0ga/JE0TMzdGUoMnxRK.1","action":"SyncServerConnectionManagerRequest", "result":"SYNC_SERVER_OK", "context":{"environment":"Prod_brazilsouth_prod-s01-001-sam-brazilsouth", "migrationStage":"NotStarted", "server":"akswtt003000009"}}
{"logTime": "0409/011149", "correlationVector":"G0L0ga/JE0TMzdGUoMnxRK.2","action":"ProcessGetUpdates", "result":"Done", "context":{"dataType":"History", "deleted":"0", "process_failed_to_decrypt":"0", "process_pending_decryption":"0", "process_success":"250", "total":"250"}}
{"logTime": "0409/011149", "correlationVector":"G0L0ga/JE0TMzdGUoMnxRK.3","action":"GetUpdates Response", "result":"Success", "context":Received 250 update(s). cV=G0L0ga/JE0TMzdGUoMnxRK.0;server=akswtt003000009;cloudType=Consumer;environment=Prod_brazilsouth_prod-s01-001-sam-brazilsouth;migrationStage=NotStarted Some updates remain.}
{"logTime": "0409/011149", "correlationVector":"VgZtHLitO86TYRhL5s0F6u","action":"Initial GetUpdates", "result":"", "context":Reason: NEWLY_SUPPORTED_DATATYPE. cV=VgZtHLitO86TYRhL5s0F6u}
{"logTime": "0409/011150", "correlationVector":"VgZtHLitO86TYRhL5s0F6u.1","action":"SyncServerConnectionManagerRequest", "result":"SYNC_SERVER_OK", "context":{"environment":"Prod_brazilsouth_prod-s01-001-sam-brazilsouth", "migrationStage":"NotStarted", "server":"akswtt003000002"}}
{"logTime": "0409/011150", "correlationVector":"VgZtHLitO86TYRhL5s0F6u.2","action":"ProcessGetUpdates", "result":"Done", "context":{"dataType":"History", "deleted":"0", "process_failed_to_decrypt":"0", "process_pending_decryption":"0", "process_success":"98", "total":"98"}}
{"logTime": "0409/011150", "correlationVector":"VgZtHLitO86TYRhL5s0F6u.3","action":"GetUpdates Response", "result":"Success", "context":Received 98 update(s). cV=VgZtHLitO86TYRhL5s0F6u.0;server=akswtt003000002;cloudType=Consumer;environment=Prod_brazilsouth_prod-s01-001-sam-brazilsouth;migrationStage=NotStarted}
{"logTime": "0409/011150", "correlationVector":"drwGTyCghQnLcmzxVPe+nN","action":"Normal GetUpdate request", "result":"", "context":cV=drwGTyCghQnLcmzxVPe+nN
Nudged types: Preferences, Passwords, Sessions, Device Info, User Consents
Refresh requested types: Bookmarks, Preferences, Passwords, Autofill Profiles, Autofill, Extensions, Sessions, Extension settings, History Delete Directives, Device Info, User Consents, Send Tab To Self, Web Apps, History, Saved Tab Group, WebAuthn Credentials, Collection, Edge E Drop, Edge Hub App Usage, Edge Wallet, Edge Workspace, Encryption Keys}
{"logTime": "0409/011150", "correlationVector":"drwGTyCghQnLcmzxVPe+nN.1","action":"SyncServerConnectionManagerRequest", "result":"SYNC_SERVER_OK", "context":{"environment":"Prod_brazilsouth_prod-s01-001-sam-brazilsouth", "migrationStage":"NotStarted", "server":"akswtt003000008"}}
{"logTime": "0409/011150", "correlationVector":"drwGTyCghQnLcmzxVPe+nN.2","action":"GetUpdates Response", "result":"Success", "context":Received 0 update(s). cV=drwGTyCghQnLcmzxVPe+nN.0;server=akswtt003000008;cloudType=Consumer;environment=Prod_brazilsouth_prod-s01-001-sam-brazilsouth;migrationStage=NotStarted}
{"logTime": "0409/011150", "correlationVector":"7h/loxfVVlWKAMA4VEbeSh","action":"Commit Request", "result":"", "context":Item count: 40
Contributing types: Passwords}
{"logTime": "0409/011152", "correlationVector":"7h/loxfVVlWKAMA4VEbeSh.1","action":"SyncServerConnectionManagerRequest", "result":"SYNC_SERVER_OK", "context":{"environment":"Prod_brazilsouth_prod-s01-001-sam-brazilsouth", "migrationStage":"NotStarted", "server":"akswtt003000008"}}
{"logTime": "0409/011152", "correlationVector":"7h/loxfVVlWKAMA4VEbeSh.2","action":"Commit Response", "result":"Success", "context":Result: Success. cV=7h/loxfVVlWKAMA4VEbeSh.0;server=akswtt003000008;cloudType=Consumer;environment=Prod_brazilsouth_prod-s01-001-sam-brazilsouth;migrationStage=NotStarted}
{"logTime": "0409/011152", "correlationVector":"xu6pVn5gxT/bWq27lo3DC2","action":"Commit Request", "result":"", "context":Item count: 40
Contributing types: Passwords}
{"logTime": "0409/011154", "correlationVector":"xu6pVn5gxT/bWq27lo3DC2.1","action":"SyncServerConnectionManagerRequest", "result":"SYNC_SERVER_OK", "context":{"environment":"Prod_brazilsouth_prod-s01-001-sam-brazilsouth", "migrationStage":"NotStarted", "server":"akswtt00300000s"}}
{"logTime": "0409/011154", "correlationVector":"xu6pVn5gxT/bWq27lo3DC2.2","action":"Commit Response", "result":"Success", "context":Result: Success. cV=xu6pVn5gxT/bWq27lo3DC2.0;server=akswtt00300000s;cloudType=Consumer;environment=Prod_brazilsouth_prod-s01-001-sam-brazilsouth;migrationStage=NotStarted}
{"logTime": "0409/011154", "correlationVector":"mo7oZ8bwMpJd/rVojNapqU","action":"Commit Request", "result":"", "context":Item count: 40
Contributing types: Passwords}
{"logTime": "0409/011157", "correlationVector":"mo7oZ8bwMpJd/rVojNapqU.1","action":"SyncServerConnectionManagerRequest", "result":"SYNC_SERVER_OK", "context":{"environment":"Prod_brazilsouth_prod-s01-001-sam-brazilsouth", "migrationStage":"NotStarted", "server":"akswtt003000009"}}
{"logTime": "0409/011157", "correlationVector":"mo7oZ8bwMpJd/rVojNapqU.2","action":"Commit Response", "result":"Success", "context":Result: Success. cV=mo7oZ8bwMpJd/rVojNapqU.0;server=akswtt003000009;cloudType=Consumer;environment=Prod_brazilsouth_prod-s01-001-sam-brazilsouth;migrationStage=NotStarted}
{"logTime": "0409/011157", "correlationVector":"otPiQlmqNbWgTs99PnxI83","action":"Commit Request", "result":"", "context":Item count: 40
Contributing types: Passwords}
{"logTime": "0409/011159", "correlationVector":"otPiQlmqNbWgTs99PnxI83.1","action":"SyncServerConnectionManagerRequest", "result":"SYNC_SERVER_OK", "context":{"environment":"Prod_brazilsouth_prod-s01-001-sam-brazilsouth", "migrationStage":"NotStarted", "server":"akswtt00300000s"}}
{"logTime": "0409/011159", "correlationVector":"otPiQlmqNbWgTs99PnxI83.2","action":"Commit Response", "result":"Success", "context":Result: Success. cV=otPiQlmqNbWgTs99PnxI83.0;server=akswtt00300000s;cloudType=Consumer;environment=Prod_brazilsouth_prod-s01-001-sam-brazilsouth;migrationStage=NotStarted}
{"logTime": "0409/011159", "correlationVector":"z1Y5Fw56gyVJYlKmcxgMT8","action":"Commit Request", "result":"", "context":Item count: 40
Contributing types: Passwords}
{"logTime": "0409/011201", "correlationVector":"z1Y5Fw56gyVJYlKmcxgMT8.1","action":"SyncServerConnectionManagerRequest", "result":"SYNC_SERVER_OK", "context":{"environment":"Prod_brazilsouth_prod-s01-001-sam-brazilsouth", "migrationStage":"NotStarted", "server":"akswtt003000005"}}
{"logTime": "0409/011201", "correlationVector":"z1Y5Fw56gyVJYlKmcxgMT8.2","action":"Commit Response", "result":"Success", "context":Result: Success. cV=z1Y5Fw56gyVJYlKmcxgMT8.0;server=akswtt003000005;cloudType=Consumer;environment=Prod_brazilsouth_prod-s01-001-sam-brazilsouth;migrationStage=NotStarted}
{"logTime": "0409/011201", "correlationVector":"gybMKVWM+OJzUF0H94+Non","action":"Commit Request", "result":"", "context":Item count: 32
Contributing types: Preferences, Passwords, Sessions, Device Info, User Consents}
{"logTime": "0409/011203", "correlationVector":"gybMKVWM+OJzUF0H94+Non.1","action":"SyncServerConnectionManagerRequest", "result":"SYNC_SERVER_OK", "context":{"environment":"Prod_brazilsouth_prod-s01-001-sam-brazilsouth", "migrationStage":"NotStarted", "server":"akswtt003000005"}}
{"logTime": "0409/011203", "correlationVector":"gybMKVWM+OJzUF0H94+Non.2","action":"Commit Response", "result":"Success", "context":Result: Success. cV=gybMKVWM+OJzUF0H94+Non.0;server=akswtt003000005;cloudType=Consumer;environment=Prod_brazilsouth_prod-s01-001-sam-brazilsouth;migrationStage=NotStarted}
{"logTime": "0409/011227", "correlationVector":"nTZXIhv0JLemI36jGXBD3p","action":"Commit Request", "result":"", "context":Item count: 40
Contributing types: Passwords}
{"logTime": "0409/011229", "correlationVector":"nTZXIhv0JLemI36jGXBD3p.1","action":"SyncServerConnectionManagerRequest", "result":"SYNC_SERVER_OK", "context":{"environment":"Prod_brazilsouth_prod-s01-001-sam-brazilsouth", "migrationStage":"NotStarted", "server":"akswtt003000008"}}
{"logTime": "0409/011229", "correlationVector":"nTZXIhv0JLemI36jGXBD3p.2","action":"Commit Response", "result":"Success", "context":Result: Success. cV=nTZXIhv0JLemI36jGXBD3p.0;server=akswtt003000008;cloudType=Consumer;environment=Prod_brazilsouth_prod-s01-001-sam-brazilsouth;migrationStage=NotStarted}
{"logTime": "0409/011229", "correlationVector":"Uu23afXwAgBfJEa+X2gZJQ","action":"Commit Request", "result":"", "context":Item count: 40
Contributing types: Passwords}
{"logTime": "0409/011231", "correlationVector":"Uu23afXwAgBfJEa+X2gZJQ.1","action":"SyncServerConnectionManagerRequest", "result":"SYNC_SERVER_OK", "context":{"environment":"Prod_brazilsouth_prod-s01-001-sam-brazilsouth", "migrationStage":"NotStarted", "server":"akswtt00300000v"}}
{"logTime": "0409/011231", "correlationVector":"Uu23afXwAgBfJEa+X2gZJQ.2","action":"Commit Response", "result":"Success", "context":Result: Success. cV=Uu23afXwAgBfJEa+X2gZJQ.0;server=akswtt00300000v;cloudType=Consumer;environment=Prod_brazilsouth_prod-s01-001-sam-brazilsouth;migrationStage=NotStarted}
{"logTime": "0409/011231", "correlationVector":"1glqVk2jP4m1STw0RSk04L","action":"Commit Request", "result":"", "context":Item count: 40
Contributing types: Passwords}
{"logTime": "0409/011233", "correlationVector":"1glqVk2jP4m1STw0RSk04L.1","action":"SyncServerConnectionManagerRequest", "result":"SYNC_SERVER_OK", "context":{"environment":"Prod_brazilsouth_prod-s01-001-sam-brazilsouth", "migrationStage":"NotStarted", "server":"akswtt003000008"}}
{"logTime": "0409/011233", "correlationVector":"1glqVk2jP4m1STw0RSk04L.2","action":"Commit Response", "result":"Success", "context":Result: Success. cV=1glqVk2jP4m1STw0RSk04L.0;server=akswtt003000008;cloudType=Consumer;environment=Prod_brazilsouth_prod-s01-001-sam-brazilsouth;migrationStage=NotStarted}
{"logTime": "0409/011233", "correlationVector":"Ydh6VlR+mauybYS4Qv/fsH","action":"Commit Request", "result":"", "context":Item count: 40
Contributing types: Passwords}
{"logTime": "0409/011236", "correlationVector":"Ydh6VlR+mauybYS4Qv/fsH.1","action":"SyncServerConnectionManagerRequest", "result":"SYNC_SERVER_OK", "context":{"environment":"Prod_brazilsouth_prod-s01-001-sam-brazilsouth", "migrationStage":"NotStarted", "server":"akswtt003000002"}}
{"logTime": "0409/011236", "correlationVector":"Ydh6VlR+mauybYS4Qv/fsH.2","action":"Commit Response", "result":"Success", "context":Result: Success. cV=Ydh6VlR+mauybYS4Qv/fsH.0;server=akswtt003000002;cloudType=Consumer;environment=Prod_brazilsouth_prod-s01-001-sam-brazilsouth;migrationStage=NotStarted}
{"logTime": "0409/011236", "correlationVector":"zGcWH06xxpAhX8dH7+tEz0","action":"Commit Request", "result":"", "context":Item count: 40
Contributing types: Passwords}
{"logTime": "0409/011238", "correlationVector":"zGcWH06xxpAhX8dH7+tEz0.1","action":"SyncServerConnectionManagerRequest", "result":"SYNC_SERVER_OK", "context":{"environment":"Prod_brazilsouth_prod-s01-001-sam-brazilsouth", "migrationStage":"NotStarted", "server":"akswtt00300000v"}}
{"logTime": "0409/011238", "correlationVector":"zGcWH06xxpAhX8dH7+tEz0.2","action":"Commit Response", "result":"Success", "context":Result: Success. cV=zGcWH06xxpAhX8dH7+tEz0.0;server=akswtt00300000v;cloudType=Consumer;environment=Prod_brazilsouth_prod-s01-001-sam-brazilsouth;migrationStage=NotStarted}
{"logTime": "0409/011238", "correlationVector":"72XGAIOMOZwoZfgX4pF1C3","action":"Commit Request", "result":"", "context":Item count: 40
Contributing types: Passwords}
{"logTime": "0409/011240", "correlationVector":"72XGAIOMOZwoZfgX4pF1C3.1","action":"SyncServerConnectionManagerRequest", "result":"SYNC_SERVER_OK", "context":{"environment":"Prod_brazilsouth_prod-s01-001-sam-brazilsouth", "migrationStage":"NotStarted", "server":"akswtt003000002"}}
{"logTime": "0409/011240", "correlationVector":"72XGAIOMOZwoZfgX4pF1C3.2","action":"Commit Response", "result":"Success", "context":Result: Success. cV=72XGAIOMOZwoZfgX4pF1C3.0;server=akswtt003000002;cloudType=Consumer;environment=Prod_brazilsouth_prod-s01-001-sam-brazilsouth;migrationStage=NotStarted}
